2020-04-12 18:56:07 [main] FATAL matusevich.shapes.reader.impl.TriangleReaderImpl - file: src/main/resources/test_file.txt is empty
2020-04-12 18:56:07 [main] FATAL matusevich.shapes.reader.impl.TriangleReaderImpl - error working with the file: src/main/resources/file1.txt
java.io.FileNotFoundException: src\main\resources\file1.txt (Не удается найти указанный файл)
	at java.io.FileInputStream.open0(Native Method) ~[?:1.8.0_181]
	at java.io.FileInputStream.open(FileInputStream.java:195) ~[?:1.8.0_181]
	at java.io.FileInputStream.<init>(FileInputStream.java:138) ~[?:1.8.0_181]
	at java.io.FileInputStream.<init>(FileInputStream.java:93) ~[?:1.8.0_181]
	at java.io.FileReader.<init>(FileReader.java:58) ~[?:1.8.0_181]
	at by.matusevich.shapes.reader.impl.TriangleReaderImpl.reedAllData(TriangleReaderImpl.java:29) [classes/:?]
	at by.matusevich.shapes.reader.TriangleReaderImplTest.reedAllDataTestExceptionsFileNotExist(TriangleReaderImplTest.java:54) [test-classes/:?]
	at sun.reflect.NativeMethodAccessorImpl.invoke0(Native Method) ~[?:1.8.0_181]
	at sun.reflect.NativeMethodAccessorImpl.invoke(NativeMethodAccessorImpl.java:62) ~[?:1.8.0_181]
	at sun.reflect.DelegatingMethodAccessorImpl.invoke(DelegatingMethodAccessorImpl.java:43) ~[?:1.8.0_181]
	at java.lang.reflect.Method.invoke(Method.java:498) ~[?:1.8.0_181]
	at org.testng.internal.MethodInvocationHelper.invokeMethod(MethodInvocationHelper.java:84) [testng-6.8.7.jar:?]
	at org.testng.internal.Invoker.invokeMethod(Invoker.java:714) [testng-6.8.7.jar:?]
	at org.testng.internal.Invoker.invokeTestMethod(Invoker.java:901) [testng-6.8.7.jar:?]
	at org.testng.internal.Invoker.invokeTestMethods(Invoker.java:1231) [testng-6.8.7.jar:?]
	at org.testng.internal.TestMethodWorker.invokeTestMethods(TestMethodWorker.java:127) [testng-6.8.7.jar:?]
	at org.testng.internal.TestMethodWorker.run(TestMethodWorker.java:111) [testng-6.8.7.jar:?]
	at org.testng.TestRunner.privateRun(TestRunner.java:767) [testng-6.8.7.jar:?]
	at org.testng.TestRunner.run(TestRunner.java:617) [testng-6.8.7.jar:?]
	at org.testng.SuiteRunner.runTest(SuiteRunner.java:334) [testng-6.8.7.jar:?]
	at org.testng.SuiteRunner.runSequentially(SuiteRunner.java:329) [testng-6.8.7.jar:?]
	at org.testng.SuiteRunner.privateRun(SuiteRunner.java:291) [testng-6.8.7.jar:?]
	at org.testng.SuiteRunner.run(SuiteRunner.java:240) [testng-6.8.7.jar:?]
	at org.testng.SuiteRunnerWorker.runSuite(SuiteRunnerWorker.java:52) [testng-6.8.7.jar:?]
	at org.testng.SuiteRunnerWorker.run(SuiteRunnerWorker.java:86) [testng-6.8.7.jar:?]
	at org.testng.TestNG.runSuitesSequentially(TestNG.java:1224) [testng-6.8.7.jar:?]
	at org.testng.TestNG.runSuitesLocally(TestNG.java:1149) [testng-6.8.7.jar:?]
	at org.testng.TestNG.run(TestNG.java:1057) [testng-6.8.7.jar:?]
	at org.testng.IDEARemoteTestNG.run(IDEARemoteTestNG.java:73) [testng-plugin.jar:?]
	at org.testng.RemoteTestNGStarter.main(RemoteTestNGStarter.java:123) [testng-plugin.jar:?]
